0 info it worked if it ends with ok
1 verbose cli [ '/usr/local/bin/node', '/usr/local/bin/npm', 'run', 'github' ]
2 info using npm@3.10.10
3 info using node@v6.10.3
4 verbose run-script [ 'pregithub', 'github', 'postgithub' ]
5 info lifecycle ticketchain_prototype2@0.0.2~pregithub: ticketchain_prototype2@0.0.2
6 silly lifecycle ticketchain_prototype2@0.0.2~pregithub: no script for pregithub, continuing
7 info lifecycle ticketchain_prototype2@0.0.2~github: ticketchain_prototype2@0.0.2
8 verbose lifecycle ticketchain_prototype2@0.0.2~github: unsafe-perm in lifecycle true
9 verbose lifecycle ticketchain_prototype2@0.0.2~github: PATH: /usr/local/lib/node_modules/npm/bin/node-gyp-bin:/Users/kirill/TicketChain_prototype3/node_modules/.bin:/usr/local/bin:/usr/bin:/bin:/usr/sbin:/sbin
10 verbose lifecycle ticketchain_prototype2@0.0.2~github: CWD: /Users/kirill/TicketChain_prototype3
11 silly lifecycle ticketchain_prototype2@0.0.2~github: Args: [ '-c',
11 silly lifecycle   'git add -A && git commit "autofix" && git push origin master' ]
12 silly lifecycle ticketchain_prototype2@0.0.2~github: Returned: code: 1  signal: null
13 info lifecycle ticketchain_prototype2@0.0.2~github: Failed to exec github script
14 verbose stack Error: ticketchain_prototype2@0.0.2 github: `git add -A && git commit "autofix" && git push origin master`
14 verbose stack Exit status 1
14 verbose stack     at EventEmitter.<anonymous> (/usr/local/lib/node_modules/npm/lib/utils/lifecycle.js:255:16)
14 verbose stack     at emitTwo (events.js:106:13)
14 verbose stack     at EventEmitter.emit (events.js:191:7)
14 verbose stack     at ChildProcess.<anonymous> (/usr/local/lib/node_modules/npm/lib/utils/spawn.js:40:14)
14 verbose stack     at emitTwo (events.js:106:13)
14 verbose stack     at ChildProcess.emit (events.js:191:7)
14 verbose stack     at maybeClose (internal/child_process.js:886:16)
14 verbose stack     at Process.ChildProcess._handle.onexit (internal/child_process.js:226:5)
15 verbose pkgid ticketchain_prototype2@0.0.2
16 verbose cwd /Users/kirill/TicketChain_prototype3
17 error Darwin 16.6.0
18 error argv "/usr/local/bin/node" "/usr/local/bin/npm" "run" "github"
19 error node v6.10.3
20 error npm  v3.10.10
21 error code ELIFECYCLE
22 error ticketchain_prototype2@0.0.2 github: `git add -A && git commit "autofix" && git push origin master`
22 error Exit status 1
23 error Failed at the ticketchain_prototype2@0.0.2 github script 'git add -A && git commit "autofix" && git push origin master'.
23 error Make sure you have the latest version of node.js and npm installed.
23 error If you do, this is most likely a problem with the ticketchain_prototype2 package,
23 error not with npm itself.
23 error Tell the author that this fails on your system:
23 error     git add -A && git commit "autofix" && git push origin master
23 error You can get information on how to open an issue for this project with:
23 error     npm bugs ticketchain_prototype2
23 error Or if that isn't available, you can get their info via:
23 error     npm owner ls ticketchain_prototype2
23 error There is likely additional logging output above.
24 verbose exit [ 1, true ]
